18:26:38 [main] INFO  log - Logging initialized @326ms
18:26:39 [main] INFO  CustomerServiceServer - KITS-ERP Server initialised on port 8888
18:26:39 [main] INFO  Server - jetty-9.3.8.v20160314
18:26:39 [main] INFO  ContextHandler - Started o.e.j.s.ServletContextHandler@5056dfcb{/,null,AVAILABLE}
18:26:39 [main] INFO  ServerConnector - Started ServerConnector@7a9f3356{HTTP/1.1,[http/1.1]}{0.0.0.0:8888}
18:26:39 [main] INFO  Server - Started @488ms
18:26:39 [main] INFO  CustomerServiceServer - Erp Server started
18:26:45 [qtp1225616405-14] WARN  / - unavailable
java.lang.NullPointerException: null
	at java.lang.Class.forName0(Native Method) ~[na:1.8.0_101]
	at java.lang.Class.forName(Class.java:264) ~[na:1.8.0_101]
	at org.httprpc.RequestDispatcherServlet.init(RequestDispatcherServlet.java:97) ~[httprpc-server-3.3.jar:3.3]
	at javax.servlet.GenericServlet.init(GenericServlet.java:244) ~[javax.servlet-api-3.1.0.jar:3.1.0]
	at org.eclipse.jetty.servlet.ServletHolder.initServlet(ServletHolder.java:640) [jetty-servlet-9.3.8.v20160314.jar:9.3.8.v20160314]
	at org.eclipse.jetty.servlet.ServletHolder.getServlet(ServletHolder.java:496) [jetty-servlet-9.3.8.v20160314.jar:9.3.8.v20160314]
	at org.eclipse.jetty.servlet.ServletHolder.ensureInstance(ServletHolder.java:788) [jetty-servlet-9.3.8.v20160314.jar:9.3.8.v20160314]
	at org.eclipse.jetty.servlet.ServletHolder.prepare(ServletHolder.java:773) [jetty-servlet-9.3.8.v20160314.jar:9.3.8.v20160314]
	at org.eclipse.jetty.servlet.ServletHandler.doHandle(ServletHandler.java:578) [jetty-servlet-9.3.8.v20160314.jar:9.3.8.v20160314]
	at org.eclipse.jetty.server.handler.ContextHandler.doHandle(ContextHandler.java:1160) [jetty-server-9.3.8.v20160314.jar:9.3.8.v20160314]
	at org.eclipse.jetty.servlet.ServletHandler.doScope(ServletHandler.java:511) [jetty-servlet-9.3.8.v20160314.jar:9.3.8.v20160314]
	at org.eclipse.jetty.server.handler.ContextHandler.doScope(ContextHandler.java:1092) [jetty-server-9.3.8.v20160314.jar:9.3.8.v20160314]
	at org.eclipse.jetty.server.handler.ScopedHandler.handle(ScopedHandler.java:141) [jetty-server-9.3.8.v20160314.jar:9.3.8.v20160314]
	at org.eclipse.jetty.server.handler.HandlerWrapper.handle(HandlerWrapper.java:134) [jetty-server-9.3.8.v20160314.jar:9.3.8.v20160314]
	at org.eclipse.jetty.server.Server.handle(Server.java:518) [jetty-server-9.3.8.v20160314.jar:9.3.8.v20160314]
	at org.eclipse.jetty.server.HttpChannel.handle(HttpChannel.java:308) [jetty-server-9.3.8.v20160314.jar:9.3.8.v20160314]
	at org.eclipse.jetty.server.HttpConnection.onFillable(HttpConnection.java:244) [jetty-server-9.3.8.v20160314.jar:9.3.8.v20160314]
	at org.eclipse.jetty.io.AbstractConnection$ReadCallback.succeeded(AbstractConnection.java:273) [jetty-io-9.3.8.v20160314.jar:9.3.8.v20160314]
	at org.eclipse.jetty.io.FillInterest.fillable(FillInterest.java:95) [jetty-io-9.3.8.v20160314.jar:9.3.8.v20160314]
	at org.eclipse.jetty.io.SelectChannelEndPoint$2.run(SelectChannelEndPoint.java:93) [jetty-io-9.3.8.v20160314.jar:9.3.8.v20160314]
	at org.eclipse.jetty.util.thread.strategy.ExecuteProduceConsume.produceAndRun(ExecuteProduceConsume.java:246) [jetty-util-9.3.8.v20160314.jar:9.3.8.v20160314]
	at org.eclipse.jetty.util.thread.strategy.ExecuteProduceConsume.run(ExecuteProduceConsume.java:156) [jetty-util-9.3.8.v20160314.jar:9.3.8.v20160314]
	at org.eclipse.jetty.util.thread.QueuedThreadPool.runJob(QueuedThreadPool.java:654) [jetty-util-9.3.8.v20160314.jar:9.3.8.v20160314]
	at org.eclipse.jetty.util.thread.QueuedThreadPool$3.run(QueuedThreadPool.java:572) [jetty-util-9.3.8.v20160314.jar:9.3.8.v20160314]
	at java.lang.Thread.run(Thread.java:745) [na:1.8.0_101]
18:26:45 [qtp1225616405-14] WARN  ServletHandler - 
javax.servlet.ServletException: org.httprpc.RequestDispatcherServlet-6cd8737@36b8b797==org.httprpc.RequestDispatcherServlet,-1,false
	at org.eclipse.jetty.servlet.ServletHolder.initServlet(ServletHolder.java:661) ~[jetty-servlet-9.3.8.v20160314.jar:9.3.8.v20160314]
	at org.eclipse.jetty.servlet.ServletHolder.getServlet(ServletHolder.java:496) ~[jetty-servlet-9.3.8.v20160314.jar:9.3.8.v20160314]
	at org.eclipse.jetty.servlet.ServletHolder.ensureInstance(ServletHolder.java:788) ~[jetty-servlet-9.3.8.v20160314.jar:9.3.8.v20160314]
	at org.eclipse.jetty.servlet.ServletHolder.prepare(ServletHolder.java:773) ~[jetty-servlet-9.3.8.v20160314.jar:9.3.8.v20160314]
	at org.eclipse.jetty.servlet.ServletHandler.doHandle(ServletHandler.java:578) [jetty-servlet-9.3.8.v20160314.jar:9.3.8.v20160314]
	at org.eclipse.jetty.server.handler.ContextHandler.doHandle(ContextHandler.java:1160) [jetty-server-9.3.8.v20160314.jar:9.3.8.v20160314]
	at org.eclipse.jetty.servlet.ServletHandler.doScope(ServletHandler.java:511) [jetty-servlet-9.3.8.v20160314.jar:9.3.8.v20160314]
	at org.eclipse.jetty.server.handler.ContextHandler.doScope(ContextHandler.java:1092) [jetty-server-9.3.8.v20160314.jar:9.3.8.v20160314]
	at org.eclipse.jetty.server.handler.ScopedHandler.handle(ScopedHandler.java:141) [jetty-server-9.3.8.v20160314.jar:9.3.8.v20160314]
	at org.eclipse.jetty.server.handler.HandlerWrapper.handle(HandlerWrapper.java:134) [jetty-server-9.3.8.v20160314.jar:9.3.8.v20160314]
	at org.eclipse.jetty.server.Server.handle(Server.java:518) [jetty-server-9.3.8.v20160314.jar:9.3.8.v20160314]
	at org.eclipse.jetty.server.HttpChannel.handle(HttpChannel.java:308) [jetty-server-9.3.8.v20160314.jar:9.3.8.v20160314]
	at org.eclipse.jetty.server.HttpConnection.onFillable(HttpConnection.java:244) [jetty-server-9.3.8.v20160314.jar:9.3.8.v20160314]
	at org.eclipse.jetty.io.AbstractConnection$ReadCallback.succeeded(AbstractConnection.java:273) [jetty-io-9.3.8.v20160314.jar:9.3.8.v20160314]
	at org.eclipse.jetty.io.FillInterest.fillable(FillInterest.java:95) [jetty-io-9.3.8.v20160314.jar:9.3.8.v20160314]
	at org.eclipse.jetty.io.SelectChannelEndPoint$2.run(SelectChannelEndPoint.java:93) [jetty-io-9.3.8.v20160314.jar:9.3.8.v20160314]
	at org.eclipse.jetty.util.thread.strategy.ExecuteProduceConsume.produceAndRun(ExecuteProduceConsume.java:246) [jetty-util-9.3.8.v20160314.jar:9.3.8.v20160314]
	at org.eclipse.jetty.util.thread.strategy.ExecuteProduceConsume.run(ExecuteProduceConsume.java:156) [jetty-util-9.3.8.v20160314.jar:9.3.8.v20160314]
	at org.eclipse.jetty.util.thread.QueuedThreadPool.runJob(QueuedThreadPool.java:654) [jetty-util-9.3.8.v20160314.jar:9.3.8.v20160314]
	at org.eclipse.jetty.util.thread.QueuedThreadPool$3.run(QueuedThreadPool.java:572) [jetty-util-9.3.8.v20160314.jar:9.3.8.v20160314]
	at java.lang.Thread.run(Thread.java:745) [na:1.8.0_101]
Caused by: java.lang.NullPointerException: null
	at java.lang.Class.forName0(Native Method) ~[na:1.8.0_101]
	at java.lang.Class.forName(Class.java:264) ~[na:1.8.0_101]
	at org.httprpc.RequestDispatcherServlet.init(RequestDispatcherServlet.java:97) ~[httprpc-server-3.3.jar:3.3]
	at javax.servlet.GenericServlet.init(GenericServlet.java:244) ~[javax.servlet-api-3.1.0.jar:3.1.0]
	at org.eclipse.jetty.servlet.ServletHolder.initServlet(ServletHolder.java:640) ~[jetty-servlet-9.3.8.v20160314.jar:9.3.8.v20160314]
	... 20 common frames omitted
18:27:02 [qtp1225616405-10] WARN  ServletHandler - 
org.eclipse.jetty.servlet.ServletHolder$1: java.lang.NullPointerException
	at org.eclipse.jetty.servlet.ServletHolder.makeUnavailable(ServletHolder.java:594) ~[jetty-servlet-9.3.8.v20160314.jar:9.3.8.v20160314]
	at org.eclipse.jetty.servlet.ServletHolder.initServlet(ServletHolder.java:658) ~[jetty-servlet-9.3.8.v20160314.jar:9.3.8.v20160314]
	at org.eclipse.jetty.servlet.ServletHolder.getServlet(ServletHolder.java:496) ~[jetty-servlet-9.3.8.v20160314.jar:9.3.8.v20160314]
	at org.eclipse.jetty.servlet.ServletHolder.ensureInstance(ServletHolder.java:788) ~[jetty-servlet-9.3.8.v20160314.jar:9.3.8.v20160314]
	at org.eclipse.jetty.servlet.ServletHolder.prepare(ServletHolder.java:773) ~[jetty-servlet-9.3.8.v20160314.jar:9.3.8.v20160314]
	at org.eclipse.jetty.servlet.ServletHandler.doHandle(ServletHandler.java:578) [jetty-servlet-9.3.8.v20160314.jar:9.3.8.v20160314]
	at org.eclipse.jetty.server.handler.ContextHandler.doHandle(ContextHandler.java:1160) [jetty-server-9.3.8.v20160314.jar:9.3.8.v20160314]
	at org.eclipse.jetty.servlet.ServletHandler.doScope(ServletHandler.java:511) [jetty-servlet-9.3.8.v20160314.jar:9.3.8.v20160314]
	at org.eclipse.jetty.server.handler.ContextHandler.doScope(ContextHandler.java:1092) [jetty-server-9.3.8.v20160314.jar:9.3.8.v20160314]
	at org.eclipse.jetty.server.handler.ScopedHandler.handle(ScopedHandler.java:141) [jetty-server-9.3.8.v20160314.jar:9.3.8.v20160314]
	at org.eclipse.jetty.server.handler.HandlerWrapper.handle(HandlerWrapper.java:134) [jetty-server-9.3.8.v20160314.jar:9.3.8.v20160314]
	at org.eclipse.jetty.server.Server.handle(Server.java:518) [jetty-server-9.3.8.v20160314.jar:9.3.8.v20160314]
	at org.eclipse.jetty.server.HttpChannel.handle(HttpChannel.java:308) [jetty-server-9.3.8.v20160314.jar:9.3.8.v20160314]
	at org.eclipse.jetty.server.HttpConnection.onFillable(HttpConnection.java:244) [jetty-server-9.3.8.v20160314.jar:9.3.8.v20160314]
	at org.eclipse.jetty.io.AbstractConnection$ReadCallback.succeeded(AbstractConnection.java:273) [jetty-io-9.3.8.v20160314.jar:9.3.8.v20160314]
	at org.eclipse.jetty.io.FillInterest.fillable(FillInterest.java:95) [jetty-io-9.3.8.v20160314.jar:9.3.8.v20160314]
	at org.eclipse.jetty.io.SelectChannelEndPoint$2.run(SelectChannelEndPoint.java:93) [jetty-io-9.3.8.v20160314.jar:9.3.8.v20160314]
	at org.eclipse.jetty.util.thread.strategy.ExecuteProduceConsume.produceAndRun(ExecuteProduceConsume.java:246) [jetty-util-9.3.8.v20160314.jar:9.3.8.v20160314]
	at org.eclipse.jetty.util.thread.strategy.ExecuteProduceConsume.run(ExecuteProduceConsume.java:156) [jetty-util-9.3.8.v20160314.jar:9.3.8.v20160314]
	at org.eclipse.jetty.util.thread.QueuedThreadPool.runJob(QueuedThreadPool.java:654) [jetty-util-9.3.8.v20160314.jar:9.3.8.v20160314]
	at org.eclipse.jetty.util.thread.QueuedThreadPool$3.run(QueuedThreadPool.java:572) [jetty-util-9.3.8.v20160314.jar:9.3.8.v20160314]
	at java.lang.Thread.run(Thread.java:745) [na:1.8.0_101]
Caused by: java.lang.NullPointerException: null
	at java.lang.Class.forName0(Native Method) ~[na:1.8.0_101]
	at java.lang.Class.forName(Class.java:264) ~[na:1.8.0_101]
	at org.httprpc.RequestDispatcherServlet.init(RequestDispatcherServlet.java:97) ~[httprpc-server-3.3.jar:3.3]
	at javax.servlet.GenericServlet.init(GenericServlet.java:244) ~[javax.servlet-api-3.1.0.jar:3.1.0]
	at org.eclipse.jetty.servlet.ServletHolder.initServlet(ServletHolder.java:640) ~[jetty-servlet-9.3.8.v20160314.jar:9.3.8.v20160314]
	... 20 common frames omitted
