12:05:10 [main] INFO  log - Logging initialized @578ms
12:05:10 [main] INFO  CustomerServiceServer - KITS-ERP Server initialised on port 8888
12:05:10 [main] INFO  Server - jetty-9.3.8.v20160314
12:05:10 [main] INFO  ContextHandler - Started o.e.j.s.ServletContextHandler@56f4468b{/,null,AVAILABLE}
12:05:10 [main] INFO  ServerConnector - Started ServerConnector@7823a2f9{HTTP/1.1,[http/1.1]}{0.0.0.0:8888}
12:05:10 [main] INFO  Server - Started @753ms
12:05:10 [main] INFO  CustomerServiceServer - Erp Server started
12:05:14 [qtp26117480-9] WARN  / - org.httprpc.RequestDispatcherServlet
java.io.IOException: Invalid value type.
	at org.httprpc.JSONEncoder.writeValue(JSONEncoder.java:180) ~[httprpc-server-3.3.jar:3.3]
	at org.httprpc.JSONEncoder.writeValue(JSONEncoder.java:158) ~[httprpc-server-3.3.jar:3.3]
	at org.httprpc.JSONEncoder.writeValue(JSONEncoder.java:43) ~[httprpc-server-3.3.jar:3.3]
	at org.httprpc.RequestDispatcherServlet.service(RequestDispatcherServlet.java:367) ~[httprpc-server-3.3.jar:3.3]
	at javax.servlet.http.HttpServlet.service(HttpServlet.java:790) [javax.servlet-api-3.1.0.jar:3.1.0]
	at org.eclipse.jetty.servlet.ServletHolder.handle(ServletHolder.java:845) [jetty-servlet-9.3.8.v20160314.jar:9.3.8.v20160314]
	at org.eclipse.jetty.servlet.ServletHandler.doHandle(ServletHandler.java:583) [jetty-servlet-9.3.8.v20160314.jar:9.3.8.v20160314]
	at org.eclipse.jetty.server.handler.ContextHandler.doHandle(ContextHandler.java:1160) [jetty-server-9.3.8.v20160314.jar:9.3.8.v20160314]
	at org.eclipse.jetty.servlet.ServletHandler.doScope(ServletHandler.java:511) [jetty-servlet-9.3.8.v20160314.jar:9.3.8.v20160314]
	at org.eclipse.jetty.server.handler.ContextHandler.doScope(ContextHandler.java:1092) [jetty-server-9.3.8.v20160314.jar:9.3.8.v20160314]
	at org.eclipse.jetty.server.handler.ScopedHandler.handle(ScopedHandler.java:141) [jetty-server-9.3.8.v20160314.jar:9.3.8.v20160314]
	at org.eclipse.jetty.server.handler.HandlerWrapper.handle(HandlerWrapper.java:134) [jetty-server-9.3.8.v20160314.jar:9.3.8.v20160314]
	at org.eclipse.jetty.server.Server.handle(Server.java:518) [jetty-server-9.3.8.v20160314.jar:9.3.8.v20160314]
	at org.eclipse.jetty.server.HttpChannel.handle(HttpChannel.java:308) [jetty-server-9.3.8.v20160314.jar:9.3.8.v20160314]
	at org.eclipse.jetty.server.HttpConnection.onFillable(HttpConnection.java:244) [jetty-server-9.3.8.v20160314.jar:9.3.8.v20160314]
	at org.eclipse.jetty.io.AbstractConnection$ReadCallback.succeeded(AbstractConnection.java:273) [jetty-io-9.3.8.v20160314.jar:9.3.8.v20160314]
	at org.eclipse.jetty.io.FillInterest.fillable(FillInterest.java:95) [jetty-io-9.3.8.v20160314.jar:9.3.8.v20160314]
	at org.eclipse.jetty.io.SelectChannelEndPoint$2.run(SelectChannelEndPoint.java:93) [jetty-io-9.3.8.v20160314.jar:9.3.8.v20160314]
	at org.eclipse.jetty.util.thread.strategy.ExecuteProduceConsume.produceAndRun(ExecuteProduceConsume.java:246) [jetty-util-9.3.8.v20160314.jar:9.3.8.v20160314]
	at org.eclipse.jetty.util.thread.strategy.ExecuteProduceConsume.run(ExecuteProduceConsume.java:156) [jetty-util-9.3.8.v20160314.jar:9.3.8.v20160314]
	at org.eclipse.jetty.util.thread.QueuedThreadPool.runJob(QueuedThreadPool.java:654) [jetty-util-9.3.8.v20160314.jar:9.3.8.v20160314]
	at org.eclipse.jetty.util.thread.QueuedThreadPool$3.run(QueuedThreadPool.java:572) [jetty-util-9.3.8.v20160314.jar:9.3.8.v20160314]
	at java.lang.Thread.run(Thread.java:745) [na:1.8.0_101]
12:05:15 [qtp26117480-11] WARN  / - org.httprpc.RequestDispatcherServlet
java.io.IOException: Invalid value type.
	at org.httprpc.JSONEncoder.writeValue(JSONEncoder.java:180) ~[httprpc-server-3.3.jar:3.3]
	at org.httprpc.JSONEncoder.writeValue(JSONEncoder.java:158) ~[httprpc-server-3.3.jar:3.3]
	at org.httprpc.JSONEncoder.writeValue(JSONEncoder.java:43) ~[httprpc-server-3.3.jar:3.3]
	at org.httprpc.RequestDispatcherServlet.service(RequestDispatcherServlet.java:367) ~[httprpc-server-3.3.jar:3.3]
	at javax.servlet.http.HttpServlet.service(HttpServlet.java:790) [javax.servlet-api-3.1.0.jar:3.1.0]
	at org.eclipse.jetty.servlet.ServletHolder.handle(ServletHolder.java:845) [jetty-servlet-9.3.8.v20160314.jar:9.3.8.v20160314]
	at org.eclipse.jetty.servlet.ServletHandler.doHandle(ServletHandler.java:583) [jetty-servlet-9.3.8.v20160314.jar:9.3.8.v20160314]
	at org.eclipse.jetty.server.handler.ContextHandler.doHandle(ContextHandler.java:1160) [jetty-server-9.3.8.v20160314.jar:9.3.8.v20160314]
	at org.eclipse.jetty.servlet.ServletHandler.doScope(ServletHandler.java:511) [jetty-servlet-9.3.8.v20160314.jar:9.3.8.v20160314]
	at org.eclipse.jetty.server.handler.ContextHandler.doScope(ContextHandler.java:1092) [jetty-server-9.3.8.v20160314.jar:9.3.8.v20160314]
	at org.eclipse.jetty.server.handler.ScopedHandler.handle(ScopedHandler.java:141) [jetty-server-9.3.8.v20160314.jar:9.3.8.v20160314]
	at org.eclipse.jetty.server.handler.HandlerWrapper.handle(HandlerWrapper.java:134) [jetty-server-9.3.8.v20160314.jar:9.3.8.v20160314]
	at org.eclipse.jetty.server.Server.handle(Server.java:518) [jetty-server-9.3.8.v20160314.jar:9.3.8.v20160314]
	at org.eclipse.jetty.server.HttpChannel.handle(HttpChannel.java:308) [jetty-server-9.3.8.v20160314.jar:9.3.8.v20160314]
	at org.eclipse.jetty.server.HttpConnection.onFillable(HttpConnection.java:244) [jetty-server-9.3.8.v20160314.jar:9.3.8.v20160314]
	at org.eclipse.jetty.io.AbstractConnection$ReadCallback.succeeded(AbstractConnection.java:273) [jetty-io-9.3.8.v20160314.jar:9.3.8.v20160314]
	at org.eclipse.jetty.io.FillInterest.fillable(FillInterest.java:95) [jetty-io-9.3.8.v20160314.jar:9.3.8.v20160314]
	at org.eclipse.jetty.io.SelectChannelEndPoint$2.run(SelectChannelEndPoint.java:93) [jetty-io-9.3.8.v20160314.jar:9.3.8.v20160314]
	at org.eclipse.jetty.util.thread.strategy.ExecuteProduceConsume.produceAndRun(ExecuteProduceConsume.java:246) [jetty-util-9.3.8.v20160314.jar:9.3.8.v20160314]
	at org.eclipse.jetty.util.thread.strategy.ExecuteProduceConsume.run(ExecuteProduceConsume.java:156) [jetty-util-9.3.8.v20160314.jar:9.3.8.v20160314]
	at org.eclipse.jetty.util.thread.QueuedThreadPool.runJob(QueuedThreadPool.java:654) [jetty-util-9.3.8.v20160314.jar:9.3.8.v20160314]
	at org.eclipse.jetty.util.thread.QueuedThreadPool$3.run(QueuedThreadPool.java:572) [jetty-util-9.3.8.v20160314.jar:9.3.8.v20160314]
	at java.lang.Thread.run(Thread.java:745) [na:1.8.0_101]
