17:54:25 [main] INFO  log - Logging initialized @513ms
17:54:25 [main] INFO  CustomerServiceServer - KITS-ERP Server initialised on port 8888
17:54:25 [main] INFO  Server - jetty-9.3.8.v20160314
17:54:25 [main] INFO  ContextHandler - Started o.e.j.s.ServletContextHandler@6a28ffa4{/,null,AVAILABLE}
17:54:25 [main] INFO  ServerConnector - Started ServerConnector@5fdcaa40{HTTP/1.1,[http/1.1]}{0.0.0.0:8888}
17:54:25 [main] INFO  Server - Started @684ms
17:54:25 [main] INFO  CustomerServiceServer - Erp Server started
17:54:28 [qtp1226204845-16] WARN  ServletHandler - 
javax.servlet.ServletException: kits.erp.customerservice.domain.core.CustomerServiceException: Could not generate unique customer id
	at org.glassfish.jersey.servlet.WebComponent.serviceImpl(WebComponent.java:489) ~[jersey-container-servlet-core-2.23.2.jar:na]
	at org.glassfish.jersey.servlet.WebComponent.service(WebComponent.java:427) ~[jersey-container-servlet-core-2.23.2.jar:na]
	at org.glassfish.jersey.servlet.ServletContainer.service(ServletContainer.java:388) ~[jersey-container-servlet-core-2.23.2.jar:na]
	at org.glassfish.jersey.servlet.ServletContainer.service(ServletContainer.java:341) ~[jersey-container-servlet-core-2.23.2.jar:na]
	at org.glassfish.jersey.servlet.ServletContainer.service(ServletContainer.java:228) ~[jersey-container-servlet-core-2.23.2.jar:na]
	at org.eclipse.jetty.servlet.ServletHolder.handle(ServletHolder.java:845) ~[jetty-servlet-9.3.8.v20160314.jar:9.3.8.v20160314]
	at org.eclipse.jetty.servlet.ServletHandler.doHandle(ServletHandler.java:583) [jetty-servlet-9.3.8.v20160314.jar:9.3.8.v20160314]
	at org.eclipse.jetty.server.handler.ContextHandler.doHandle(ContextHandler.java:1160) [jetty-server-9.3.8.v20160314.jar:9.3.8.v20160314]
	at org.eclipse.jetty.servlet.ServletHandler.doScope(ServletHandler.java:511) [jetty-servlet-9.3.8.v20160314.jar:9.3.8.v20160314]
	at org.eclipse.jetty.server.handler.ContextHandler.doScope(ContextHandler.java:1092) [jetty-server-9.3.8.v20160314.jar:9.3.8.v20160314]
	at org.eclipse.jetty.server.handler.ScopedHandler.handle(ScopedHandler.java:141) [jetty-server-9.3.8.v20160314.jar:9.3.8.v20160314]
	at org.eclipse.jetty.server.handler.HandlerWrapper.handle(HandlerWrapper.java:134) [jetty-server-9.3.8.v20160314.jar:9.3.8.v20160314]
	at org.eclipse.jetty.server.Server.handle(Server.java:518) [jetty-server-9.3.8.v20160314.jar:9.3.8.v20160314]
	at org.eclipse.jetty.server.HttpChannel.handle(HttpChannel.java:308) [jetty-server-9.3.8.v20160314.jar:9.3.8.v20160314]
	at org.eclipse.jetty.server.HttpConnection.onFillable(HttpConnection.java:244) [jetty-server-9.3.8.v20160314.jar:9.3.8.v20160314]
	at org.eclipse.jetty.io.AbstractConnection$ReadCallback.succeeded(AbstractConnection.java:273) [jetty-io-9.3.8.v20160314.jar:9.3.8.v20160314]
	at org.eclipse.jetty.io.FillInterest.fillable(FillInterest.java:95) [jetty-io-9.3.8.v20160314.jar:9.3.8.v20160314]
	at org.eclipse.jetty.io.SelectChannelEndPoint$2.run(SelectChannelEndPoint.java:93) [jetty-io-9.3.8.v20160314.jar:9.3.8.v20160314]
	at org.eclipse.jetty.util.thread.strategy.ExecuteProduceConsume.produceAndRun(ExecuteProduceConsume.java:246) [jetty-util-9.3.8.v20160314.jar:9.3.8.v20160314]
	at org.eclipse.jetty.util.thread.strategy.ExecuteProduceConsume.run(ExecuteProduceConsume.java:156) [jetty-util-9.3.8.v20160314.jar:9.3.8.v20160314]
	at org.eclipse.jetty.util.thread.QueuedThreadPool.runJob(QueuedThreadPool.java:654) [jetty-util-9.3.8.v20160314.jar:9.3.8.v20160314]
	at org.eclipse.jetty.util.thread.QueuedThreadPool$3.run(QueuedThreadPool.java:572) [jetty-util-9.3.8.v20160314.jar:9.3.8.v20160314]
	at java.lang.Thread.run(Thread.java:745) [na:1.8.0_101]
Caused by: kits.erp.customerservice.domain.core.CustomerServiceException: Could not generate unique customer id
	at kits.erp.customerservice.domain.core.CustomerService.generateCustomerId(CustomerService.java:31) ~[bin/:na]
	at kits.erp.customerservice.domain.core.CustomerService.createCustomer(CustomerService.java:18) ~[bin/:na]
	at kits.erp.customerservice.infrastructure.webservice.CustomerWebService.createCustomer(CustomerWebService.java:56) ~[bin/:na]
	at sun.reflect.NativeMethodAccessorImpl.invoke0(Native Method) ~[na:1.8.0_101]
	at sun.reflect.NativeMethodAccessorImpl.invoke(NativeMethodAccessorImpl.java:62) ~[na:1.8.0_101]
	at sun.reflect.DelegatingMethodAccessorImpl.invoke(DelegatingMethodAccessorImpl.java:43) ~[na:1.8.0_101]
	at java.lang.reflect.Method.invoke(Method.java:498) ~[na:1.8.0_101]
	at org.glassfish.jersey.server.model.internal.ResourceMethodInvocationHandlerFactory$1.invoke(ResourceMethodInvocationHandlerFactory.java:81) ~[jersey-server-2.23.2.jar:na]
	at org.glassfish.jersey.server.model.internal.AbstractJavaResourceMethodDispatcher$1.run(AbstractJavaResourceMethodDispatcher.java:144) ~[jersey-server-2.23.2.jar:na]
	at org.glassfish.jersey.server.model.internal.AbstractJavaResourceMethodDispatcher.invoke(AbstractJavaResourceMethodDispatcher.java:161) ~[jersey-server-2.23.2.jar:na]
	at org.glassfish.jersey.server.model.internal.JavaResourceMethodDispatcherProvider$TypeOutInvoker.doDispatch(JavaResourceMethodDispatcherProvider.java:205) ~[jersey-server-2.23.2.jar:na]
	at org.glassfish.jersey.server.model.internal.AbstractJavaResourceMethodDispatcher.dispatch(AbstractJavaResourceMethodDispatcher.java:99) ~[jersey-server-2.23.2.jar:na]
	at org.glassfish.jersey.server.model.ResourceMethodInvoker.invoke(ResourceMethodInvoker.java:389) ~[jersey-server-2.23.2.jar:na]
	at org.glassfish.jersey.server.model.ResourceMethodInvoker.apply(ResourceMethodInvoker.java:347) ~[jersey-server-2.23.2.jar:na]
	at org.glassfish.jersey.server.model.ResourceMethodInvoker.apply(ResourceMethodInvoker.java:102) ~[jersey-server-2.23.2.jar:na]
	at org.glassfish.jersey.server.ServerRuntime$2.run(ServerRuntime.java:326) ~[jersey-server-2.23.2.jar:na]
	at org.glassfish.jersey.internal.Errors$1.call(Errors.java:271) ~[jersey-common-2.23.2.jar:na]
	at org.glassfish.jersey.internal.Errors$1.call(Errors.java:267) ~[jersey-common-2.23.2.jar:na]
	at org.glassfish.jersey.internal.Errors.process(Errors.java:315) ~[jersey-common-2.23.2.jar:na]
	at org.glassfish.jersey.internal.Errors.process(Errors.java:297) ~[jersey-common-2.23.2.jar:na]
	at org.glassfish.jersey.internal.Errors.process(Errors.java:267) ~[jersey-common-2.23.2.jar:na]
	at org.glassfish.jersey.process.internal.RequestScope.runInScope(RequestScope.java:317) ~[jersey-common-2.23.2.jar:na]
	at org.glassfish.jersey.server.ServerRuntime.process(ServerRuntime.java:305) ~[jersey-server-2.23.2.jar:na]
	at org.glassfish.jersey.server.ApplicationHandler.handle(ApplicationHandler.java:1154) ~[jersey-server-2.23.2.jar:na]
	at org.glassfish.jersey.servlet.WebComponent.serviceImpl(WebComponent.java:473) ~[jersey-container-servlet-core-2.23.2.jar:na]
	... 22 common frames omitted
17:54:28 [qtp1226204845-16] WARN  HttpChannel - //localhost:8888/customer
javax.servlet.ServletException: kits.erp.customerservice.domain.core.CustomerServiceException: Could not generate unique customer id
	at org.glassfish.jersey.servlet.WebComponent.serviceImpl(WebComponent.java:489) ~[jersey-container-servlet-core-2.23.2.jar:na]
	at org.glassfish.jersey.servlet.WebComponent.service(WebComponent.java:427) ~[jersey-container-servlet-core-2.23.2.jar:na]
	at org.glassfish.jersey.servlet.ServletContainer.service(ServletContainer.java:388) ~[jersey-container-servlet-core-2.23.2.jar:na]
	at org.glassfish.jersey.servlet.ServletContainer.service(ServletContainer.java:341) ~[jersey-container-servlet-core-2.23.2.jar:na]
	at org.glassfish.jersey.servlet.ServletContainer.service(ServletContainer.java:228) ~[jersey-container-servlet-core-2.23.2.jar:na]
	at org.eclipse.jetty.servlet.ServletHolder.handle(ServletHolder.java:845) ~[jetty-servlet-9.3.8.v20160314.jar:9.3.8.v20160314]
	at org.eclipse.jetty.servlet.ServletHandler.doHandle(ServletHandler.java:583) ~[jetty-servlet-9.3.8.v20160314.jar:9.3.8.v20160314]
	at org.eclipse.jetty.server.handler.ContextHandler.doHandle(ContextHandler.java:1160) ~[jetty-server-9.3.8.v20160314.jar:9.3.8.v20160314]
	at org.eclipse.jetty.servlet.ServletHandler.doScope(ServletHandler.java:511) ~[jetty-servlet-9.3.8.v20160314.jar:9.3.8.v20160314]
	at org.eclipse.jetty.server.handler.ContextHandler.doScope(ContextHandler.java:1092) ~[jetty-server-9.3.8.v20160314.jar:9.3.8.v20160314]
	at org.eclipse.jetty.server.handler.ScopedHandler.handle(ScopedHandler.java:141) ~[jetty-server-9.3.8.v20160314.jar:9.3.8.v20160314]
	at org.eclipse.jetty.server.handler.HandlerWrapper.handle(HandlerWrapper.java:134) ~[jetty-server-9.3.8.v20160314.jar:9.3.8.v20160314]
	at org.eclipse.jetty.server.Server.handle(Server.java:518) ~[jetty-server-9.3.8.v20160314.jar:9.3.8.v20160314]
	at org.eclipse.jetty.server.HttpChannel.handle(HttpChannel.java:308) ~[jetty-server-9.3.8.v20160314.jar:9.3.8.v20160314]
	at org.eclipse.jetty.server.HttpConnection.onFillable(HttpConnection.java:244) [jetty-server-9.3.8.v20160314.jar:9.3.8.v20160314]
	at org.eclipse.jetty.io.AbstractConnection$ReadCallback.succeeded(AbstractConnection.java:273) [jetty-io-9.3.8.v20160314.jar:9.3.8.v20160314]
	at org.eclipse.jetty.io.FillInterest.fillable(FillInterest.java:95) [jetty-io-9.3.8.v20160314.jar:9.3.8.v20160314]
	at org.eclipse.jetty.io.SelectChannelEndPoint$2.run(SelectChannelEndPoint.java:93) [jetty-io-9.3.8.v20160314.jar:9.3.8.v20160314]
	at org.eclipse.jetty.util.thread.strategy.ExecuteProduceConsume.produceAndRun(ExecuteProduceConsume.java:246) [jetty-util-9.3.8.v20160314.jar:9.3.8.v20160314]
	at org.eclipse.jetty.util.thread.strategy.ExecuteProduceConsume.run(ExecuteProduceConsume.java:156) [jetty-util-9.3.8.v20160314.jar:9.3.8.v20160314]
	at org.eclipse.jetty.util.thread.QueuedThreadPool.runJob(QueuedThreadPool.java:654) [jetty-util-9.3.8.v20160314.jar:9.3.8.v20160314]
	at org.eclipse.jetty.util.thread.QueuedThreadPool$3.run(QueuedThreadPool.java:572) [jetty-util-9.3.8.v20160314.jar:9.3.8.v20160314]
	at java.lang.Thread.run(Thread.java:745) [na:1.8.0_101]
Caused by: kits.erp.customerservice.domain.core.CustomerServiceException: Could not generate unique customer id
	at kits.erp.customerservice.domain.core.CustomerService.generateCustomerId(CustomerService.java:31) ~[bin/:na]
	at kits.erp.customerservice.domain.core.CustomerService.createCustomer(CustomerService.java:18) ~[bin/:na]
	at kits.erp.customerservice.infrastructure.webservice.CustomerWebService.createCustomer(CustomerWebService.java:56) ~[bin/:na]
	at sun.reflect.NativeMethodAccessorImpl.invoke0(Native Method) ~[na:1.8.0_101]
	at sun.reflect.NativeMethodAccessorImpl.invoke(NativeMethodAccessorImpl.java:62) ~[na:1.8.0_101]
	at sun.reflect.DelegatingMethodAccessorImpl.invoke(DelegatingMethodAccessorImpl.java:43) ~[na:1.8.0_101]
	at java.lang.reflect.Method.invoke(Method.java:498) ~[na:1.8.0_101]
	at org.glassfish.jersey.server.model.internal.ResourceMethodInvocationHandlerFactory$1.invoke(ResourceMethodInvocationHandlerFactory.java:81) ~[jersey-server-2.23.2.jar:na]
	at org.glassfish.jersey.server.model.internal.AbstractJavaResourceMethodDispatcher$1.run(AbstractJavaResourceMethodDispatcher.java:144) ~[jersey-server-2.23.2.jar:na]
	at org.glassfish.jersey.server.model.internal.AbstractJavaResourceMethodDispatcher.invoke(AbstractJavaResourceMethodDispatcher.java:161) ~[jersey-server-2.23.2.jar:na]
	at org.glassfish.jersey.server.model.internal.JavaResourceMethodDispatcherProvider$TypeOutInvoker.doDispatch(JavaResourceMethodDispatcherProvider.java:205) ~[jersey-server-2.23.2.jar:na]
	at org.glassfish.jersey.server.model.internal.AbstractJavaResourceMethodDispatcher.dispatch(AbstractJavaResourceMethodDispatcher.java:99) ~[jersey-server-2.23.2.jar:na]
	at org.glassfish.jersey.server.model.ResourceMethodInvoker.invoke(ResourceMethodInvoker.java:389) ~[jersey-server-2.23.2.jar:na]
	at org.glassfish.jersey.server.model.ResourceMethodInvoker.apply(ResourceMethodInvoker.java:347) ~[jersey-server-2.23.2.jar:na]
	at org.glassfish.jersey.server.model.ResourceMethodInvoker.apply(ResourceMethodInvoker.java:102) ~[jersey-server-2.23.2.jar:na]
	at org.glassfish.jersey.server.ServerRuntime$2.run(ServerRuntime.java:326) ~[jersey-server-2.23.2.jar:na]
	at org.glassfish.jersey.internal.Errors$1.call(Errors.java:271) ~[jersey-common-2.23.2.jar:na]
	at org.glassfish.jersey.internal.Errors$1.call(Errors.java:267) ~[jersey-common-2.23.2.jar:na]
	at org.glassfish.jersey.internal.Errors.process(Errors.java:315) ~[jersey-common-2.23.2.jar:na]
	at org.glassfish.jersey.internal.Errors.process(Errors.java:297) ~[jersey-common-2.23.2.jar:na]
	at org.glassfish.jersey.internal.Errors.process(Errors.java:267) ~[jersey-common-2.23.2.jar:na]
	at org.glassfish.jersey.process.internal.RequestScope.runInScope(RequestScope.java:317) ~[jersey-common-2.23.2.jar:na]
	at org.glassfish.jersey.server.ServerRuntime.process(ServerRuntime.java:305) ~[jersey-server-2.23.2.jar:na]
	at org.glassfish.jersey.server.ApplicationHandler.handle(ApplicationHandler.java:1154) ~[jersey-server-2.23.2.jar:na]
	at org.glassfish.jersey.servlet.WebComponent.serviceImpl(WebComponent.java:473) ~[jersey-container-servlet-core-2.23.2.jar:na]
	... 22 common frames omitted
